2020-12-12 16:17:26.473 INFO  [PAYMENT INTENT SUCCESS: pi_1HxfSiKk2PsQrz8JFOmOgs1iAmount: 1400 
2020-12-12 17:12:49.556 INFO  [PAYMENT INTENT SUCCESS: pi_1HxfNXKk2PsQrz8JydLUJCYAAmount: 1400 
2020-12-13 10:23:47.961 INFO  [PAYMENT INTENT SUCCESS: pi_1HxwO2Kk2PsQrz8JtDyqrIjIAmount: 1400 
2020-12-13 11:22:20.058 INFO  [PAYMENT INTENT SUCCESS: pi_1HxwO2Kk2PsQrz8JtDyqrIjIAmount: 1400 
2020-12-13 11:57:43.890 ERROR [create-payment-intent] FAIL requested product not found or price mismatch. 
2020-12-13 11:58:31.630 ERROR [create-payment-intent] FAIL requested product not found or price mismatch. 
2020-12-13 13:44:17.641 INFO  [create-payment-intent] SUCCESS Name: John Kim Payment: {"description":"100 words for $100","price":100,"currency":"USD","name":"John Kim","email":"badwam@gmail.com"} 
2020-12-13 13:44:20.130 INFO  [PAYMENT INTENT SUCCESS: pi_1HxzYLKk2PsQrz8JwFWiwxgm AMOUNT: 10000] 
2020-12-13 13:46:43.276 INFO  [create-payment-intent] SUCCESS OrderId: 1385-004686-6541 Payment: {"description":"100 words for $100","price":100,"currency":"USD","name":"John Kin","email":"badwam@gmail.com"} 
2020-12-13 13:46:45.383 INFO  [PAYMENT INTENT SUCCESS: pi_1HxzahKk2PsQrz8JHG5Ssl9c AMOUNT: 10000] 
2020-12-13 13:49:09.794 INFO  [create-payment-intent] SUCCESS OrderId: 1385-004972-9233 Payment: {"description":"500 words for $400","price":500,"currency":"USD","name":"jk","email":"badwam@gmail.com"} 
2020-12-13 13:49:12.160 INFO  [PAYMENT INTENT SUCCESS: pi_1Hxzd3Kk2PsQrz8JYpS3fggU AMOUNT: 50000] 
2020-12-13 13:50:49.836 INFO  [create-payment-intent] SUCCESS OrderId: 1385-004772-4103 Payment: {"description":"100 words for $100","price":100,"currency":"USD","name":"johjhn kim","email":"bad@gmail.com"} 
2020-12-13 13:50:51.993 INFO  [PAYMENT INTENT SUCCESS: pi_1HxzefKk2PsQrz8J52SODO9V AMOUNT: 10000] 
2020-12-13 14:23:57.747 INFO  [create-payment-intent] SUCCESS OrderId: 1385-005795-9686 Payment: {"description":"1000 words for $800","price":800,"currency":"USD","name":"John","email":"badwam@gmail.com"} 
2020-12-13 14:23:59.948 INFO  [PAYMENT INTENT SUCCESS: pi_1Hy0AjKk2PsQrz8JgKxt4elm AMOUNT: 80000] 
2020-12-13 14:25:42.024 INFO  [create-payment-intent] SUCCESS OrderId: 1385-005471-5876 Payment: {"description":"100 words for $100","price":100,"currency":"USD","name":"john kim","email":"badwam@gmail.com"} 
2020-12-13 14:25:44.250 INFO  [PAYMENT INTENT SUCCESS: pi_1Hy0CPKk2PsQrz8JwWYdZvIW AMOUNT: 10000] 
2020-12-13 14:36:26.171 INFO  [create-payment-intent] SUCCESS OrderId: 1385-000104-5849 Payment: {"description":"100 words for $100","price":100,"currency":"USD","name":"Ki","email":"badwam@gmail.com"} 
2020-12-13 14:36:28.532 INFO  [PAYMENT INTENT SUCCESS: pi_1Hy0MnKk2PsQrz8JsCAPeCi8 AMOUNT: 10000] 
2020-12-13 14:37:40.644 INFO  [create-payment-intent] SUCCESS OrderId: 1385-000638-9184 Payment: {"description":"500 words for $400","price":500,"currency":"USD","name":"john kim","email":"badwam@gmail.com"} 
2020-12-13 14:37:42.749 INFO  [PAYMENT INTENT SUCCESS: pi_1Hy0O0Kk2PsQrz8JxpVEevU8 AMOUNT: 50000] 
2020-12-13 14:40:00.656 INFO  [create-payment-intent] SUCCESS OrderId: 1385-000788-6343 Payment: {"description":"500 words for $400","price":500,"currency":"USD","name":"john kim","email":"badwam@gmail.com"} 
2020-12-13 14:40:02.945 INFO  [PAYMENT INTENT SUCCESS: pi_1Hy0QGKk2PsQrz8JFyZaYxpc AMOUNT: 50000] 
2020-12-13 14:42:23.349 INFO  [create-payment-intent] SUCCESS OrderId: 1385-000476-4314 Payment: {"description":"100 words for $100","price":100,"currency":"USD","name":"kjk","email":"badwam@gmail.com"} 
2020-12-13 14:42:26.039 INFO  [PAYMENT INTENT SUCCESS: pi_1Hy0SZKk2PsQrz8JNHyXOQxR AMOUNT: 10000] 
2020-12-13 14:43:32.158 INFO  [create-payment-intent] SUCCESS OrderId: 1385-000311-0294 Payment: {"description":"100 words for $100","price":100,"currency":"USD","name":"john kim","email":"badwam@gmail.com"} 
2020-12-13 14:43:34.396 INFO  [PAYMENT INTENT SUCCESS: pi_1Hy0TgKk2PsQrz8JZGr3xi7Q AMOUNT: 10000] 
2020-12-13 14:49:25.962 INFO  [create-payment-intent] SUCCESS OrderId: 1385-000234-9589 Payment: {"description":"100 words for $100","price":100,"currency":"USD","name":"John Kim","email":"badwam@gmail.com"} 
2020-12-13 14:49:26.720 INFO  [create-payment-intent] SUCCESS OrderId: 1385-000233-7064 Payment: {"description":"100 words for $100","price":100,"currency":"USD","name":"John Kim","email":"badwam@gmail.com"} 
